TN:
SF:src/app.ts
FNF:0
FNH:0
DA:1,1
DA:2,1
DA:3,1
DA:4,1
DA:5,1
DA:6,1
DA:7,1
DA:8,1
DA:9,1
DA:10,1
DA:11,1
DA:12,1
DA:13,1
DA:14,1
DA:15,1
DA:16,1
DA:17,1
DA:18,1
DA:19,1
DA:20,1
DA:21,1
DA:22,1
DA:23,1
DA:24,1
DA:25,1
DA:26,1
DA:27,1
DA:28,1
DA:29,1
DA:30,1
DA:31,1
DA:32,1
DA:33,1
DA:34,1
LF:34
LH:34
BRF:0
BRH:0
end_of_record
TN:
SF:src/db/mongoose.ts
FNF:0
FNH:0
DA:1,1
DA:2,1
DA:3,1
DA:4,1
DA:5,1
DA:6,1
DA:7,0
DA:8,0
LF:8
LH:6
BRDA:6,0,0,0
BRF:1
BRH:0
end_of_record
TN:
SF:src/models/challenges.ts
FNF:0
FNH:0
DA:1,1
DA:2,1
DA:3,1
DA:4,1
DA:5,1
DA:6,1
DA:7,1
DA:8,1
DA:9,1
DA:10,1
DA:11,1
DA:12,1
DA:13,1
DA:14,1
DA:15,1
DA:16,1
DA:17,1
DA:18,1
DA:19,1
DA:20,1
DA:21,1
DA:22,1
DA:23,1
DA:24,1
DA:25,1
DA:26,1
DA:27,1
DA:28,1
DA:29,1
DA:30,1
DA:31,1
DA:32,1
DA:33,1
DA:34,1
DA:35,1
DA:36,1
DA:37,1
DA:38,1
DA:39,1
DA:40,1
DA:41,1
DA:42,1
DA:43,1
DA:44,1
DA:45,1
DA:46,1
DA:47,1
DA:48,1
DA:49,1
DA:50,1
DA:51,1
DA:52,1
DA:53,1
DA:54,1
DA:55,1
DA:56,1
DA:57,1
DA:58,1
DA:59,1
DA:60,1
DA:61,1
DA:62,1
DA:63,1
DA:64,1
DA:65,1
DA:66,1
DA:67,1
DA:68,1
DA:69,1
DA:70,1
DA:71,1
DA:72,1
DA:73,1
DA:74,1
DA:75,1
DA:76,1
DA:77,1
DA:78,1
DA:79,1
DA:80,1
DA:81,1
DA:82,1
DA:83,1
DA:84,1
DA:85,1
DA:86,1
LF:86
LH:86
BRF:0
BRH:0
end_of_record
TN:
SF:src/models/groups.ts
FN:96,validator
FN:99,message
FNF:2
FNH:1
FNDA:2,validator
FNDA:0,message
DA:1,1
DA:2,1
DA:3,1
DA:4,1
DA:5,1
DA:6,1
DA:7,1
DA:8,1
DA:9,1
DA:10,1
DA:11,1
DA:12,1
DA:13,1
DA:14,1
DA:15,1
DA:16,1
DA:17,1
DA:18,1
DA:19,1
DA:20,1
DA:21,1
DA:22,1
DA:23,1
DA:24,1
DA:25,1
DA:26,1
DA:27,1
DA:28,1
DA:29,1
DA:30,1
DA:31,1
DA:32,1
DA:33,1
DA:34,1
DA:35,1
DA:36,1
DA:37,1
DA:38,1
DA:39,1
DA:40,1
DA:41,1
DA:42,1
DA:43,1
DA:44,1
DA:45,1
DA:46,1
DA:47,1
DA:48,1
DA:49,1
DA:50,1
DA:51,1
DA:52,1
DA:53,1
DA:54,1
DA:55,1
DA:56,1
DA:57,1
DA:58,1
DA:59,1
DA:60,1
DA:61,1
DA:62,1
DA:63,1
DA:64,1
DA:65,1
DA:66,1
DA:67,1
DA:68,1
DA:69,1
DA:70,1
DA:71,1
DA:72,1
DA:73,1
DA:74,1
DA:75,1
DA:76,1
DA:77,1
DA:78,1
DA:79,1
DA:80,1
DA:81,1
DA:82,1
DA:83,1
DA:84,1
DA:85,1
DA:86,1
DA:87,1
DA:88,1
DA:89,1
DA:90,1
DA:91,1
DA:92,1
DA:93,1
DA:94,1
DA:95,1
DA:96,1
DA:97,2
DA:98,1
DA:99,1
DA:100,1
DA:101,1
DA:102,1
DA:103,1
DA:104,1
DA:105,1
DA:106,1
DA:107,1
LF:107
LH:107
BRDA:96,0,0,2
BRF:1
BRH:1
end_of_record
TN:
SF:src/models/tracks.ts
FNF:0
FNH:0
DA:1,1
DA:2,1
DA:3,1
DA:4,1
DA:5,1
DA:6,1
DA:7,1
DA:8,1
DA:9,1
DA:10,1
DA:11,1
DA:12,1
DA:13,1
DA:14,1
DA:15,1
DA:16,1
DA:17,1
DA:18,1
DA:19,1
DA:20,1
DA:21,1
DA:22,1
DA:23,1
DA:24,1
DA:25,1
DA:26,1
DA:27,1
DA:28,1
DA:29,1
DA:30,1
DA:31,1
DA:32,1
DA:33,1
DA:34,1
DA:35,1
DA:36,1
DA:37,1
DA:38,1
DA:39,1
DA:40,1
DA:41,1
DA:42,1
DA:43,1
DA:44,1
DA:45,1
DA:46,1
DA:47,1
DA:48,1
DA:49,1
DA:50,1
DA:51,1
DA:52,1
DA:53,1
DA:54,1
DA:55,1
DA:56,1
DA:57,1
DA:58,1
DA:59,1
DA:60,1
DA:61,1
DA:62,1
DA:63,1
DA:64,1
DA:65,1
DA:66,1
DA:67,1
DA:68,1
DA:69,1
DA:70,1
DA:71,1
DA:72,1
DA:73,1
DA:74,1
DA:75,1
DA:76,1
DA:77,1
DA:78,1
DA:79,1
DA:80,1
DA:81,1
DA:82,1
DA:83,1
DA:84,1
DA:85,1
DA:86,1
DA:87,1
DA:88,1
DA:89,1
DA:90,1
DA:91,1
DA:92,1
DA:93,1
DA:94,1
DA:95,1
DA:96,1
DA:97,1
DA:98,1
DA:99,1
DA:100,1
DA:101,1
DA:102,1
DA:103,1
LF:103
LH:103
BRF:0
BRH:0
end_of_record
TN:
SF:src/models/users.ts
FN:128,validator
FN:131,message
FNF:2
FNH:1
FNDA:1,validator
FNDA:0,message
DA:1,1
DA:2,1
DA:3,1
DA:4,1
DA:5,1
DA:6,1
DA:7,1
DA:8,1
DA:9,1
DA:10,1
DA:11,1
DA:12,1
DA:13,1
DA:14,1
DA:15,1
DA:16,1
DA:17,1
DA:18,1
DA:19,1
DA:20,1
DA:21,1
DA:22,1
DA:23,1
DA:24,1
DA:25,1
DA:26,1
DA:27,1
DA:28,1
DA:29,1
DA:30,1
DA:31,1
DA:32,1
DA:33,1
DA:34,1
DA:35,1
DA:36,1
DA:37,1
DA:38,1
DA:39,1
DA:40,1
DA:41,1
DA:42,1
DA:43,1
DA:44,1
DA:45,1
DA:46,1
DA:47,1
DA:48,1
DA:49,1
DA:50,1
DA:51,1
DA:52,1
DA:53,1
DA:54,1
DA:55,1
DA:56,1
DA:57,1
DA:58,1
DA:59,1
DA:60,1
DA:61,1
DA:62,1
DA:63,1
DA:64,1
DA:65,1
DA:66,1
DA:67,1
DA:68,1
DA:69,1
DA:70,1
DA:71,1
DA:72,1
DA:73,1
DA:74,1
DA:75,1
DA:76,1
DA:77,1
DA:78,1
DA:79,1
DA:80,1
DA:81,1
DA:82,1
DA:83,1
DA:84,1
DA:85,1
DA:86,1
DA:87,1
DA:88,1
DA:89,1
DA:90,1
DA:91,1
DA:92,1
DA:93,1
DA:94,1
DA:95,1
DA:96,1
DA:97,1
DA:98,1
DA:99,1
DA:100,1
DA:101,1
DA:102,1
DA:103,1
DA:104,1
DA:105,1
DA:106,1
DA:107,1
DA:108,1
DA:109,1
DA:110,1
DA:111,1
DA:112,1
DA:113,1
DA:114,1
DA:115,1
DA:116,1
DA:117,1
DA:118,1
DA:119,1
DA:120,1
DA:121,1
DA:122,1
DA:123,1
DA:124,1
DA:125,1
DA:126,1
DA:127,1
DA:128,1
DA:129,1
DA:130,1
DA:131,1
DA:132,1
DA:133,1
DA:134,1
DA:135,1
DA:136,1
DA:137,1
DA:138,1
DA:139,1
DA:140,1
LF:140
LH:140
BRDA:128,0,0,1
BRF:1
BRH:1
end_of_record
TN:
SF:src/routers/default.ts
FNF:0
FNH:0
DA:1,1
DA:2,1
DA:3,1
DA:4,1
DA:5,1
DA:6,1
DA:7,1
DA:8,1
DA:9,1
DA:10,1
DA:11,1
DA:12,1
DA:13,1
DA:14,1
DA:15,1
DA:16,1
DA:17,1
DA:18,1
DA:19,1
DA:20,1
LF:20
LH:20
BRDA:18,0,0,1
BRF:1
BRH:1
end_of_record
TN:
SF:src/routers/challenges/challenges.ts
FNF:0
FNH:0
DA:1,1
DA:2,1
DA:3,1
DA:4,1
DA:5,1
DA:6,1
DA:7,1
DA:8,1
DA:9,1
DA:10,1
DA:11,1
DA:12,1
DA:13,1
DA:14,1
DA:15,1
DA:16,1
DA:17,1
DA:18,1
DA:19,1
DA:20,1
DA:21,1
DA:22,1
DA:23,1
DA:24,1
DA:25,1
DA:26,1
DA:27,1
DA:28,1
DA:29,1
DA:30,1
DA:31,1
DA:32,1
DA:33,1
DA:34,1
DA:35,1
DA:36,1
DA:37,1
DA:38,1
DA:39,1
DA:40,1
DA:41,1
DA:42,6
DA:43,6
DA:44,6
DA:45,6
DA:46,6
DA:47,6
DA:48,2
DA:49,2
DA:50,1
DA:51,1
DA:52,1
DA:53,1
DA:54,1
DA:55,1
DA:56,5
DA:57,5
DA:58,5
DA:59,5
DA:60,6
DA:61,2
DA:62,2
DA:63,1
DA:64,1
DA:65,1
DA:66,1
DA:67,1
DA:68,1
DA:69,1
DA:70,4
DA:71,4
DA:72,4
DA:73,4
DA:74,4
DA:75,4
DA:76,4
DA:77,4
DA:78,3
DA:79,6
DA:80,1
DA:81,1
DA:82,3
DA:83,3
DA:84,3
DA:85,6
DA:86,1
DA:87,1
DA:88,6
DA:89,1
DA:90,1
DA:91,1
DA:92,1
DA:93,1
DA:94,1
DA:95,1
DA:96,1
DA:97,1
DA:98,1
DA:99,1
DA:100,1
DA:101,1
DA:102,1
DA:103,1
DA:104,2
DA:105,2
DA:106,2
DA:107,2
DA:108,2
DA:109,2
DA:110,2
DA:111,1
DA:112,1
DA:113,1
DA:114,1
DA:115,2
DA:116,2
DA:117,0
DA:118,0
DA:119,1
DA:120,1
DA:121,1
DA:122,1
DA:123,1
DA:124,1
DA:125,1
DA:126,1
DA:127,1
DA:128,1
DA:129,1
DA:130,1
DA:131,1
DA:132,1
DA:133,3
DA:134,3
DA:135,3
DA:136,3
DA:137,3
DA:138,3
DA:139,3
DA:140,1
DA:141,1
DA:142,1
DA:143,1
DA:144,3
DA:145,3
DA:146,1
DA:147,1
DA:148,1
DA:149,1
DA:150,1
DA:151,1
DA:152,1
DA:153,1
DA:154,1
DA:155,1
DA:156,1
DA:157,1
DA:158,1
DA:159,1
DA:160,1
DA:161,1
DA:162,1
DA:163,1
DA:164,1
DA:165,1
DA:166,1
DA:167,1
DA:168,8
DA:169,8
DA:170,8
DA:171,1
DA:172,1
DA:173,1
DA:174,8
DA:175,7
DA:176,7
DA:177,7
DA:178,7
DA:179,7
DA:180,1
DA:181,1
DA:182,1
DA:183,7
DA:184,6
DA:185,2
DA:186,2
DA:187,2
DA:188,2
DA:189,1
DA:190,1
DA:191,1
DA:192,1
DA:193,1
DA:194,1
DA:195,1
DA:196,1
DA:197,6
DA:198,2
DA:199,2
DA:200,2
DA:201,2
DA:202,1
DA:203,1
DA:204,1
DA:205,1
DA:206,1
DA:207,1
DA:208,1
DA:209,1
DA:210,4
DA:211,4
DA:212,4
DA:213,4
DA:214,4
DA:215,6
DA:216,1
DA:217,6
DA:218,3
DA:219,1
DA:220,1
DA:221,1
DA:222,1
DA:223,3
DA:224,1
DA:225,1
DA:226,1
DA:227,1
DA:228,3
DA:229,3
DA:230,6
DA:231,0
DA:232,0
DA:233,6
DA:234,7
DA:235,1
DA:236,1
DA:237,1
DA:238,1
DA:239,1
DA:240,1
DA:241,1
DA:242,1
DA:243,1
DA:244,1
DA:245,1
DA:246,1
DA:247,1
DA:248,1
DA:249,1
DA:250,1
DA:251,1
DA:252,1
DA:253,1
DA:254,1
DA:255,1
DA:256,4
DA:257,4
DA:258,4
DA:259,0
DA:260,0
DA:261,0
DA:262,4
DA:263,4
DA:264,4
DA:265,4
DA:266,4
DA:267,4
DA:268,1
DA:269,1
DA:270,1
DA:271,4
DA:272,3
DA:273,1
DA:274,1
DA:275,1
DA:276,1
DA:277,1
DA:278,1
DA:279,1
DA:280,1
DA:281,0
DA:282,3
DA:283,0
DA:284,0
DA:285,0
DA:286,0
DA:287,0
DA:288,0
DA:289,0
DA:290,0
DA:291,0
DA:292,2
DA:293,2
DA:294,2
DA:295,2
DA:296,2
DA:297,3
DA:298,0
DA:299,3
DA:300,2
DA:301,0
DA:302,0
DA:303,0
DA:304,0
DA:305,2
DA:306,0
DA:307,0
DA:308,0
DA:309,0
DA:310,2
DA:311,2
DA:312,3
DA:313,0
DA:314,0
DA:315,3
DA:316,4
DA:317,1
DA:318,1
DA:319,1
DA:320,1
DA:321,1
DA:322,1
DA:323,1
DA:324,1
DA:325,1
DA:326,1
DA:327,1
DA:328,1
DA:329,1
DA:330,1
DA:331,1
DA:332,1
DA:333,1
DA:334,2
DA:335,2
DA:336,2
DA:337,2
DA:338,2
DA:339,2
DA:340,2
DA:341,1
DA:342,1
DA:343,1
DA:344,1
DA:345,2
DA:346,0
DA:347,0
DA:348,1
DA:349,1
DA:350,1
DA:351,1
DA:352,1
DA:353,1
DA:354,1
DA:355,2
DA:356,0
DA:357,0
DA:358,2
DA:359,2
DA:360,1
DA:361,1
DA:362,1
DA:363,1
DA:364,1
DA:365,1
DA:366,1
DA:367,1
DA:368,1
DA:369,1
DA:370,1
DA:371,1
DA:372,1
DA:373,1
DA:374,1
DA:375,1
DA:376,1
DA:377,1
DA:378,0
DA:379,0
DA:380,0
DA:381,0
DA:382,0
DA:383,0
DA:384,0
DA:385,0
DA:386,0
DA:387,0
DA:388,0
DA:389,0
DA:390,0
DA:391,0
DA:392,0
DA:393,0
DA:394,0
DA:395,0
DA:396,0
DA:397,0
DA:398,0
DA:399,0
DA:400,0
DA:401,0
DA:402,0
DA:403,0
DA:404,1
LF:404
LH:346
BRDA:41,0,0,6
BRDA:47,1,0,2
BRDA:49,2,0,1
BRDA:56,3,0,5
BRDA:60,4,0,2
BRDA:62,5,0,1
BRDA:70,6,0,4
BRDA:78,7,0,3
BRDA:79,8,0,1
BRDA:82,9,0,3
BRDA:85,10,0,1
BRDA:103,11,0,2
BRDA:104,12,0,0
BRDA:110,13,0,1
BRDA:116,14,0,0
BRDA:132,15,0,3
BRDA:133,16,0,0
BRDA:139,17,0,2
BRDA:139,18,0,1
BRDA:145,19,0,1
BRDA:167,20,0,8
BRDA:170,21,0,1
BRDA:174,22,0,7
BRDA:179,23,0,1
BRDA:183,24,0,6
BRDA:184,25,0,2
BRDA:188,26,0,1
BRDA:197,27,0,5
BRDA:197,28,0,2
BRDA:201,29,0,1
BRDA:209,30,0,4
BRDA:215,31,0,1
BRDA:217,32,0,3
BRDA:218,33,0,1
BRDA:223,34,0,1
BRDA:230,35,0,0
BRDA:177,36,0,7
BRDA:255,37,0,4
BRDA:258,38,0,0
BRDA:267,39,0,1
BRDA:271,40,0,3
BRDA:272,41,0,1
BRDA:281,42,0,0
BRDA:282,43,0,2
BRDA:282,44,0,0
BRDA:291,45,0,2
BRDA:297,46,0,0
BRDA:299,47,0,2
BRDA:300,48,0,0
BRDA:305,49,0,0
BRDA:312,50,0,0
BRDA:265,51,0,3
BRDA:333,52,0,2
BRDA:336,53,0,0
BRDA:340,54,0,1
BRDA:345,55,0,0
BRDA:348,56,0,1
BRDA:355,57,0,0
BRF:58
BRH:44
end_of_record
TN:
SF:src/routers/groups/groups.ts
FNF:0
FNH:0
DA:1,1
DA:2,1
DA:3,1
DA:4,1
DA:5,1
DA:6,1
DA:7,1
DA:8,1
DA:9,1
DA:10,1
DA:11,1
DA:12,1
DA:13,1
DA:14,1
DA:15,1
DA:16,1
DA:17,1
DA:18,1
DA:19,1
DA:20,1
DA:21,1
DA:22,1
DA:23,1
DA:24,1
DA:25,1
DA:26,1
DA:27,1
DA:28,1
DA:29,1
DA:30,1
DA:31,1
DA:32,1
DA:33,1
DA:34,1
DA:35,1
DA:36,1
DA:37,1
DA:38,1
DA:39,1
DA:40,1
DA:41,1
DA:42,6
DA:43,6
DA:44,6
DA:45,6
DA:46,6
DA:47,2
DA:48,2
DA:49,1
DA:50,1
DA:51,1
DA:52,1
DA:53,1
DA:54,1
DA:55,5
DA:56,5
DA:57,6
DA:58,1
DA:59,1
DA:60,1
DA:61,1
DA:62,1
DA:63,1
DA:64,0
DA:65,0
DA:66,4
DA:67,4
DA:68,4
DA:69,4
DA:70,4
DA:71,4
DA:72,4
DA:73,4
DA:74,4
DA:75,4
DA:76,3
DA:77,6
DA:78,1
DA:79,1
DA:80,3
DA:81,3
DA:82,6
DA:83,1
DA:84,1
DA:85,6
DA:86,1
DA:87,1
DA:88,1
DA:89,1
DA:90,1
DA:91,1
DA:92,1
DA:93,1
DA:94,1
DA:95,1
DA:96,1
DA:97,1
DA:98,1
DA:99,1
DA:100,1
DA:101,1
DA:102,1
DA:103,1
DA:104,1
DA:105,2
DA:106,2
DA:107,2
DA:108,2
DA:109,2
DA:110,2
DA:111,2
DA:112,2
DA:113,1
DA:114,1
DA:115,1
DA:116,1
DA:117,1
DA:118,2
DA:119,0
DA:120,0
DA:121,2
DA:122,2
DA:123,1
DA:124,1
DA:125,1
DA:126,1
DA:127,1
DA:128,1
DA:129,1
DA:130,1
DA:131,1
DA:132,1
DA:133,1
DA:134,1
DA:135,1
DA:136,1
DA:137,1
DA:138,1
DA:139,1
DA:140,1
DA:141,1
DA:142,1
DA:143,1
DA:144,1
DA:145,1
DA:146,1
DA:147,0
DA:148,0
DA:149,0
DA:150,0
DA:151,1
DA:152,1
DA:153,0
DA:154,0
DA:155,1
DA:156,1
DA:157,1
DA:158,1
DA:159,1
DA:160,1
DA:161,1
DA:162,1
DA:163,1
DA:164,1
DA:165,1
DA:166,1
DA:167,1
DA:168,1
DA:169,1
DA:170,5
DA:171,0
DA:172,5
DA:173,5
DA:174,5
DA:175,5
DA:176,5
DA:177,1
DA:178,5
DA:179,4
DA:180,2
DA:181,2
DA:182,2
DA:183,2
DA:184,2
DA:185,1
DA:186,1
DA:187,1
DA:188,1
DA:189,1
DA:190,1
DA:191,1
DA:192,1
DA:193,3
DA:194,4
DA:195,0
DA:196,0
DA:197,0
DA:198,0
DA:199,0
DA:200,0
DA:201,0
DA:202,0
DA:203,0
DA:204,0
DA:205,0
DA:206,0
DA:207,3
DA:208,3
DA:209,3
DA:210,3
DA:211,4
DA:212,1
DA:213,1
DA:214,1
DA:215,4
DA:216,1
DA:217,1
DA:218,1
DA:219,1
DA:220,2
DA:221,4
DA:222,0
DA:223,0
DA:224,4
DA:225,5
DA:226,1
DA:227,1
DA:228,1
DA:229,1
DA:230,1
DA:231,1
DA:232,1
DA:233,1
DA:234,1
DA:235,1
DA:236,1
DA:237,1
DA:238,1
DA:239,3
DA:240,0
DA:241,3
DA:242,3
DA:243,3
DA:244,3
DA:245,3
DA:246,0
DA:247,3
DA:248,3
DA:249,2
DA:250,2
DA:251,2
DA:252,2
DA:253,2
DA:254,1
DA:255,1
DA:256,1
DA:257,1
DA:258,1
DA:259,1
DA:260,1
DA:261,1
DA:262,2
DA:263,2
DA:264,3
DA:265,0
DA:266,0
DA:267,0
DA:268,0
DA:269,0
DA:270,0
DA:271,0
DA:272,0
DA:273,0
DA:274,0
DA:275,0
DA:276,0
DA:277,2
DA:278,2
DA:279,2
DA:280,2
DA:281,3
DA:282,0
DA:283,0
DA:284,0
DA:285,3
DA:286,1
DA:287,1
DA:288,1
DA:289,1
DA:290,2
DA:291,3
DA:292,0
DA:293,0
DA:294,3
DA:295,3
DA:296,1
DA:297,1
DA:298,1
DA:299,1
DA:300,1
DA:301,1
DA:302,1
DA:303,1
DA:304,1
DA:305,1
DA:306,1
DA:307,2
DA:308,2
DA:309,2
DA:310,2
DA:311,2
DA:312,1
DA:313,1
DA:314,1
DA:315,2
DA:316,0
DA:317,0
DA:318,1
DA:319,1
DA:320,1
DA:321,2
DA:322,0
DA:323,0
DA:324,2
DA:325,1
DA:326,1
DA:327,1
DA:328,1
DA:329,1
DA:330,1
DA:331,1
DA:332,1
DA:333,1
DA:334,1
DA:335,1
DA:336,1
DA:337,1
DA:338,1
DA:339,1
DA:340,1
DA:341,0
DA:342,0
DA:343,1
DA:344,1
DA:345,1
DA:346,1
DA:347,1
DA:348,1
DA:349,1
DA:350,1
DA:351,0
DA:352,0
DA:353,1
DA:354,1
DA:355,1
LF:355
LH:303
BRDA:41,0,0,6
BRDA:46,1,0,2
BRDA:48,2,0,1
BRDA:55,3,0,5
BRDA:57,4,0,1
BRDA:64,5,0,0
BRDA:66,6,0,4
BRDA:76,7,0,3
BRDA:77,8,0,1
BRDA:80,9,0,3
BRDA:82,10,0,1
BRDA:104,11,0,2
BRDA:105,12,0,0
BRDA:112,13,0,1
BRDA:118,14,0,0
BRDA:141,15,0,1
BRDA:142,16,0,0
BRDA:146,17,0,0
BRDA:152,18,0,0
BRDA:169,19,0,5
BRDA:170,20,0,0
BRDA:176,21,0,1
BRDA:178,22,0,4
BRDA:179,23,0,2
BRDA:184,24,0,1
BRDA:193,25,0,3
BRDA:194,26,0,0
BRDA:207,27,0,3
BRDA:211,28,0,1
BRDA:215,29,0,2
BRDA:215,30,0,1
BRDA:220,31,0,2
BRDA:221,32,0,0
BRDA:175,33,0,5
BRDA:238,34,0,3
BRDA:239,35,0,0
BRDA:245,36,0,0
BRDA:248,37,0,2
BRDA:253,38,0,1
BRDA:264,39,0,0
BRDA:277,40,0,2
BRDA:281,41,0,0
BRDA:285,42,0,2
BRDA:285,43,0,1
BRDA:290,44,0,2
BRDA:291,45,0,0
BRDA:244,46,0,3
BRDA:306,47,0,2
BRDA:307,48,0,0
BRDA:311,49,0,1
BRDA:315,50,0,0
BRDA:317,51,0,1
BRDA:321,52,0,0
BRDA:334,53,0,1
BRDA:337,54,0,0
BRDA:340,55,0,0
BRDA:350,56,0,0
BRF:57
BRH:37
end_of_record
TN:
SF:src/routers/tracks/tracks.ts
FNF:0
FNH:0
DA:1,1
DA:2,1
DA:3,1
DA:4,1
DA:5,1
DA:6,1
DA:7,1
DA:8,1
DA:9,1
DA:10,1
DA:11,1
DA:12,1
DA:13,1
DA:14,1
DA:15,1
DA:16,1
DA:17,1
DA:18,1
DA:19,1
DA:20,1
DA:21,1
DA:22,1
DA:23,1
DA:24,1
DA:25,1
DA:26,1
DA:27,1
DA:28,1
DA:29,1
DA:30,1
DA:31,1
DA:32,1
DA:33,1
DA:34,1
DA:35,1
DA:36,1
DA:37,1
DA:38,5
DA:39,5
DA:40,5
DA:41,5
DA:42,5
DA:43,3
DA:44,3
DA:45,1
DA:46,1
DA:47,1
DA:48,1
DA:49,2
DA:50,2
DA:51,4
DA:52,4
DA:53,4
DA:54,4
DA:55,4
DA:56,4
DA:57,4
DA:58,5
DA:59,2
DA:60,2
DA:61,4
DA:62,4
DA:63,2
DA:64,2
DA:65,2
DA:66,2
DA:67,5
DA:68,1
DA:69,1
DA:70,1
DA:71,1
DA:72,1
DA:73,1
DA:74,1
DA:75,1
DA:76,1
DA:77,1
DA:78,1
DA:79,1
DA:80,1
DA:81,1
DA:82,1
DA:83,1
DA:84,1
DA:85,1
DA:86,1
DA:87,1
DA:88,1
DA:89,2
DA:90,2
DA:91,2
DA:92,2
DA:93,2
DA:94,2
DA:95,2
DA:96,1
DA:97,1
DA:98,1
DA:99,2
DA:100,0
DA:101,0
DA:102,2
DA:103,2
DA:104,1
DA:105,1
DA:106,1
DA:107,1
DA:108,1
DA:109,1
DA:110,1
DA:111,1
DA:112,1
DA:113,1
DA:114,1
DA:115,1
DA:116,1
DA:117,1
DA:118,1
DA:119,1
DA:120,1
DA:121,1
DA:122,1
DA:123,1
DA:124,3
DA:125,3
DA:126,3
DA:127,3
DA:128,3
DA:129,3
DA:130,3
DA:131,1
DA:132,1
DA:133,1
DA:134,1
DA:135,1
DA:136,1
DA:137,3
DA:138,3
DA:139,1
DA:140,1
DA:141,1
DA:142,1
DA:143,1
DA:144,1
DA:145,1
DA:146,1
DA:147,1
DA:148,1
DA:149,1
DA:150,1
DA:151,1
DA:152,1
DA:153,1
DA:154,1
DA:155,1
DA:156,1
DA:157,1
DA:158,1
DA:159,6
DA:160,3
DA:161,3
DA:162,3
DA:163,3
DA:164,3
DA:165,3
DA:166,0
DA:167,3
DA:168,3
DA:169,3
DA:170,1
DA:171,1
DA:172,1
DA:173,1
DA:174,0
DA:175,0
DA:176,0
DA:177,0
DA:178,0
DA:179,1
DA:180,1
DA:181,1
DA:182,1
DA:183,3
DA:184,3
DA:185,3
DA:186,3
DA:187,3
DA:188,3
DA:189,1
DA:190,1
DA:191,3
DA:192,1
DA:193,1
DA:194,1
DA:195,1
DA:196,2
DA:197,3
DA:198,0
DA:199,0
DA:200,3
DA:201,3
DA:202,1
DA:203,1
DA:204,1
DA:205,1
DA:206,1
DA:207,1
DA:208,1
DA:209,1
DA:210,1
DA:211,1
DA:212,1
DA:213,1
DA:214,1
DA:215,1
DA:216,1
DA:217,1
DA:218,1
DA:219,1
DA:220,1
DA:221,2
DA:222,2
DA:223,2
DA:224,2
DA:225,0
DA:226,2
DA:227,2
DA:228,2
DA:229,0
DA:230,0
DA:231,0
DA:232,0
DA:233,0
DA:234,0
DA:235,0
DA:236,0
DA:237,0
DA:238,0
DA:239,0
DA:240,0
DA:241,0
DA:242,2
DA:243,2
DA:244,2
DA:245,2
DA:246,2
DA:247,1
DA:248,1
DA:249,2
DA:250,0
DA:251,0
DA:252,0
DA:253,0
DA:254,1
DA:255,2
DA:256,0
DA:257,0
DA:258,2
DA:259,2
DA:260,1
DA:261,1
DA:262,1
DA:263,1
DA:264,1
DA:265,1
DA:266,1
DA:267,1
DA:268,1
DA:269,1
DA:270,1
DA:271,1
DA:272,1
DA:273,1
DA:274,1
DA:275,1
DA:276,1
DA:277,1
DA:278,2
DA:279,2
DA:280,2
DA:281,2
DA:282,2
DA:283,1
DA:284,1
DA:285,1
DA:286,1
DA:287,1
DA:288,1
DA:289,1
DA:290,1
DA:291,1
DA:292,1
DA:293,2
DA:294,0
DA:295,0
DA:296,2
DA:297,1
DA:298,1
DA:299,1
DA:300,1
DA:301,1
DA:302,1
DA:303,1
DA:304,1
DA:305,1
DA:306,1
DA:307,1
DA:308,1
DA:309,1
DA:310,1
DA:311,1
DA:312,1
DA:313,1
DA:314,1
DA:315,1
DA:316,2
DA:317,2
DA:318,2
DA:319,2
DA:320,2
DA:321,2
DA:322,1
DA:323,1
DA:324,1
DA:325,1
DA:326,1
DA:327,1
DA:328,1
DA:329,1
DA:330,2
DA:331,0
DA:332,0
DA:333,2
DA:334,1
LF:334
LH:300
BRDA:37,0,0,5
BRDA:42,1,0,3
BRDA:44,2,0,1
BRDA:49,3,0,2
BRDA:51,4,0,4
BRDA:58,5,0,2
BRDA:61,6,0,4
BRDA:63,7,0,2
BRDA:88,8,0,2
BRDA:89,9,0,0
BRDA:95,10,0,1
BRDA:99,11,0,0
BRDA:123,12,0,3
BRDA:130,13,0,2
BRDA:130,14,0,1
BRDA:158,15,0,6
BRDA:159,16,0,3
BRDA:165,17,0,0
BRDA:169,18,0,1
BRDA:173,19,0,0
BRDA:188,20,0,1
BRDA:191,21,0,2
BRDA:191,22,0,1
BRDA:196,23,0,2
BRDA:197,24,0,0
BRDA:164,25,0,3
BRDA:220,26,0,2
BRDA:224,27,0,0
BRDA:228,28,0,0
BRDA:246,29,0,1
BRDA:249,30,0,0
BRDA:254,31,0,1
BRDA:255,32,0,0
BRDA:223,33,0,2
BRDA:277,34,0,2
BRDA:278,35,0,0
BRDA:282,36,0,1
BRDA:293,37,0,0
BRDA:315,38,0,2
BRDA:317,39,0,0
BRDA:321,40,0,1
BRDA:330,41,0,0
BRF:42
BRH:29
end_of_record
TN:
SF:src/routers/users/users.ts
FNF:0
FNH:0
DA:1,1
DA:2,1
DA:3,1
DA:4,1
DA:5,1
DA:6,1
DA:7,1
DA:8,1
DA:9,1
DA:10,1
DA:11,1
DA:12,1
DA:13,1
DA:14,1
DA:15,1
DA:16,1
DA:17,1
DA:18,1
DA:19,1
DA:20,1
DA:21,1
DA:22,1
DA:23,1
DA:24,1
DA:25,1
DA:26,1
DA:27,1
DA:28,1
DA:29,1
DA:30,1
DA:31,1
DA:32,1
DA:33,1
DA:34,1
DA:35,1
DA:36,1
DA:37,1
DA:38,1
DA:39,1
DA:40,1
DA:41,1
DA:42,1
DA:43,1
DA:44,1
DA:45,1
DA:46,1
DA:47,4
DA:48,4
DA:49,4
DA:50,4
DA:51,4
DA:52,4
DA:53,4
DA:54,0
DA:55,0
DA:56,0
DA:57,0
DA:58,0
DA:59,0
DA:60,0
DA:61,0
DA:62,0
DA:63,3
DA:64,3
DA:65,3
DA:66,3
DA:67,3
DA:68,4
DA:69,0
DA:70,0
DA:71,0
DA:72,0
DA:73,0
DA:74,0
DA:75,0
DA:76,0
DA:77,0
DA:78,3
DA:79,3
DA:80,3
DA:81,3
DA:82,3
DA:83,3
DA:84,3
DA:85,4
DA:86,0
DA:87,0
DA:88,0
DA:89,0
DA:90,0
DA:91,0
DA:92,0
DA:93,0
DA:94,0
DA:95,3
DA:96,3
DA:97,3
DA:98,3
DA:99,3
DA:100,4
DA:101,0
DA:102,0
DA:103,0
DA:104,0
DA:105,0
DA:106,0
DA:107,0
DA:108,0
DA:109,0
DA:110,3
DA:111,3
DA:112,3
DA:113,3
DA:114,3
DA:115,3
DA:116,3
DA:117,3
DA:118,3
DA:119,3
DA:120,4
DA:121,0
DA:122,0
DA:123,3
DA:124,4
DA:125,0
DA:126,0
DA:127,3
DA:128,3
DA:129,4
DA:130,0
DA:131,0
DA:132,3
DA:133,3
DA:134,4
DA:135,0
DA:136,0
DA:137,3
DA:138,3
DA:139,4
DA:140,1
DA:141,1
DA:142,1
DA:143,1
DA:144,1
DA:145,1
DA:146,1
DA:147,1
DA:148,1
DA:149,1
DA:150,1
DA:151,1
DA:152,1
DA:153,1
DA:154,1
DA:155,1
DA:156,1
DA:157,1
DA:158,1
DA:159,1
DA:160,1
DA:161,1
DA:162,1
DA:163,1
DA:164,1
DA:165,2
DA:166,2
DA:167,2
DA:168,2
DA:169,2
DA:170,2
DA:171,2
DA:172,2
DA:173,2
DA:174,1
DA:175,1
DA:176,1
DA:177,1
DA:178,2
DA:179,2
DA:180,0
DA:181,0
DA:182,1
DA:183,1
DA:184,1
DA:185,1
DA:186,1
DA:187,1
DA:188,1
DA:189,1
DA:190,1
DA:191,1
DA:192,1
DA:193,1
DA:194,1
DA:195,1
DA:196,1
DA:197,1
DA:198,1
DA:199,1
DA:200,2
DA:201,2
DA:202,2
DA:203,2
DA:204,2
DA:205,2
DA:206,2
DA:207,2
DA:208,2
DA:209,2
DA:210,1
DA:211,1
DA:212,1
DA:213,1
DA:214,2
DA:215,2
DA:216,0
DA:217,0
DA:218,1
DA:219,1
DA:220,1
DA:221,1
DA:222,1
DA:223,1
DA:224,1
DA:225,1
DA:226,1
DA:227,1
DA:228,1
DA:229,1
DA:230,1
DA:231,1
DA:232,1
DA:233,1
DA:234,1
DA:235,10
DA:236,10
DA:237,10
DA:238,0
DA:239,0
DA:240,0
DA:241,10
DA:242,10
DA:243,10
DA:244,10
DA:245,10
DA:246,10
DA:247,10
DA:248,1
DA:249,1
DA:250,1
DA:251,10
DA:252,9
DA:253,9
DA:254,2
DA:255,2
DA:256,2
DA:257,2
DA:258,1
DA:259,1
DA:260,1
DA:261,1
DA:262,1
DA:263,1
DA:264,1
DA:265,1
DA:266,1
DA:267,8
DA:268,9
DA:269,2
DA:270,2
DA:271,2
DA:272,2
DA:273,1
DA:274,1
DA:275,1
DA:276,1
DA:277,1
DA:278,1
DA:279,1
DA:280,1
DA:281,1
DA:282,7
DA:283,9
DA:284,2
DA:285,2
DA:286,2
DA:287,2
DA:288,1
DA:289,1
DA:290,1
DA:291,1
DA:292,1
DA:293,1
DA:294,1
DA:295,1
DA:296,1
DA:297,6
DA:298,9
DA:299,2
DA:300,2
DA:301,2
DA:302,2
DA:303,1
DA:304,1
DA:305,1
DA:306,1
DA:307,1
DA:308,1
DA:309,1
DA:310,1
DA:311,1
DA:312,5
DA:313,5
DA:314,5
DA:315,5
DA:316,5
DA:317,9
DA:318,0
DA:319,9
DA:320,5
DA:321,5
DA:322,1
DA:323,1
DA:324,1
DA:325,1
DA:326,5
DA:327,1
DA:328,1
DA:329,1
DA:330,1
DA:331,1
DA:332,5
DA:333,5
DA:334,1
DA:335,1
DA:336,1
DA:337,1
DA:338,1
DA:339,5
DA:340,1
DA:341,1
DA:342,1
DA:343,1
DA:344,1
DA:345,5
DA:346,5
DA:347,9
DA:348,9
DA:349,0
DA:350,0
DA:351,9
DA:352,10
DA:353,1
DA:354,1
DA:355,1
DA:356,1
DA:357,1
DA:358,1
DA:359,1
DA:360,1
DA:361,1
DA:362,1
DA:363,1
DA:364,1
DA:365,1
DA:366,1
DA:367,1
DA:368,1
DA:369,10
DA:370,10
DA:371,10
DA:372,0
DA:373,0
DA:374,0
DA:375,10
DA:376,10
DA:377,10
DA:378,10
DA:379,10
DA:380,10
DA:381,10
DA:382,1
DA:383,1
DA:384,1
DA:385,10
DA:386,9
DA:387,9
DA:388,2
DA:389,2
DA:390,2
DA:391,2
DA:392,1
DA:393,1
DA:394,1
DA:395,1
DA:396,1
DA:397,1
DA:398,1
DA:399,1
DA:400,1
DA:401,8
DA:402,9
DA:403,2
DA:404,2
DA:405,2
DA:406,2
DA:407,1
DA:408,1
DA:409,1
DA:410,1
DA:411,1
DA:412,1
DA:413,1
DA:414,1
DA:415,1
DA:416,7
DA:417,9
DA:418,2
DA:419,2
DA:420,2
DA:421,2
DA:422,1
DA:423,1
DA:424,1
DA:425,1
DA:426,1
DA:427,1
DA:428,1
DA:429,1
DA:430,1
DA:431,6
DA:432,9
DA:433,2
DA:434,2
DA:435,2
DA:436,2
DA:437,1
DA:438,1
DA:439,1
DA:440,1
DA:441,1
DA:442,1
DA:443,1
DA:444,1
DA:445,1
DA:446,5
DA:447,5
DA:448,5
DA:449,5
DA:450,5
DA:451,9
DA:452,0
DA:453,9
DA:454,5
DA:455,5
DA:456,1
DA:457,1
DA:458,1
DA:459,1
DA:460,5
DA:461,1
DA:462,1
DA:463,1
DA:464,1
DA:465,1
DA:466,5
DA:467,5
DA:468,1
DA:469,1
DA:470,1
DA:471,1
DA:472,1
DA:473,5
DA:474,1
DA:475,1
DA:476,1
DA:477,1
DA:478,1
DA:479,5
DA:480,5
DA:481,9
DA:482,9
DA:483,0
DA:484,0
DA:485,9
DA:486,10
DA:487,1
DA:488,1
DA:489,1
DA:490,1
DA:491,1
DA:492,1
DA:493,1
DA:494,1
DA:495,1
DA:496,1
DA:497,1
DA:498,1
DA:499,1
DA:500,1
DA:501,1
DA:502,2
DA:503,2
DA:504,2
DA:505,2
DA:506,2
DA:507,2
DA:508,1
DA:509,1
DA:510,1
DA:511,1
DA:512,2
DA:513,0
DA:514,0
DA:515,1
DA:516,1
DA:517,2
DA:518,0
DA:519,0
DA:520,1
DA:521,1
DA:522,2
DA:523,0
DA:524,0
DA:525,1
DA:526,1
DA:527,2
DA:528,0
DA:529,0
DA:530,1
DA:531,1
DA:532,1
DA:533,1
DA:534,1
DA:535,1
DA:536,1
DA:537,2
DA:538,0
DA:539,0
DA:540,1
DA:541,1
DA:542,1
DA:543,1
DA:544,1
DA:545,1
DA:546,1
DA:547,1
DA:548,1
DA:549,1
DA:550,1
DA:551,1
DA:552,1
DA:553,1
DA:554,1
DA:555,2
DA:556,2
DA:557,2
DA:558,2
DA:559,2
DA:560,2
DA:561,1
DA:562,1
DA:563,1
DA:564,1
DA:565,1
DA:566,1
DA:567,1
DA:568,1
DA:569,1
DA:570,1
DA:571,1
DA:572,1
DA:573,1
DA:574,1
DA:575,1
DA:576,1
DA:577,1
DA:578,1
DA:579,1
DA:580,1
DA:581,1
DA:582,1
DA:583,1
DA:584,1
DA:585,1
DA:586,1
DA:587,1
DA:588,1
DA:589,1
DA:590,2
DA:591,0
DA:592,0
DA:593,1
LF:593
LH:521
BRDA:46,0,0,4
BRDA:53,1,0,0
BRDA:63,2,0,3
BRDA:68,3,0,0
BRDA:78,4,0,3
BRDA:85,5,0,0
BRDA:95,6,0,3
BRDA:100,7,0,0
BRDA:110,8,0,3
BRDA:120,9,0,0
BRDA:123,10,0,3
BRDA:124,11,0,0
BRDA:127,12,0,3
BRDA:129,13,0,0
BRDA:132,14,0,3
BRDA:134,15,0,0
BRDA:137,16,0,3
BRDA:139,17,0,1
BRDA:164,18,0,2
BRDA:165,19,0,0
BRDA:173,20,0,1
BRDA:179,21,0,0
BRDA:199,22,0,2
BRDA:200,23,0,0
BRDA:209,24,0,1
BRDA:215,25,0,0
BRDA:234,26,0,10
BRDA:237,27,0,0
BRDA:247,28,0,1
BRDA:251,29,0,9
BRDA:253,30,0,2
BRDA:257,31,0,1
BRDA:267,32,0,8
BRDA:268,33,0,2
BRDA:272,34,0,1
BRDA:282,35,0,7
BRDA:283,36,0,2
BRDA:287,37,0,1
BRDA:297,38,0,6
BRDA:298,39,0,2
BRDA:302,40,0,1
BRDA:311,41,0,5
BRDA:317,42,0,0
BRDA:319,43,0,5
BRDA:321,44,0,1
BRDA:326,45,0,1
BRDA:333,46,0,1
BRDA:339,47,0,1
BRDA:348,48,0,0
BRDA:245,49,0,10
BRDA:368,50,0,10
BRDA:371,51,0,0
BRDA:381,52,0,1
BRDA:385,53,0,9
BRDA:387,54,0,2
BRDA:391,55,0,1
BRDA:401,56,0,8
BRDA:402,57,0,2
BRDA:406,58,0,1
BRDA:416,59,0,7
BRDA:417,60,0,2
BRDA:421,61,0,1
BRDA:431,62,0,6
BRDA:432,63,0,2
BRDA:436,64,0,1
BRDA:445,65,0,5
BRDA:451,66,0,0
BRDA:453,67,0,5
BRDA:455,68,0,1
BRDA:460,69,0,1
BRDA:467,70,0,1
BRDA:473,71,0,1
BRDA:482,72,0,0
BRDA:379,73,0,10
BRDA:501,74,0,2
BRDA:503,75,0,0
BRDA:507,76,0,1
BRDA:512,77,0,0
BRDA:514,78,0,1
BRDA:517,79,0,0
BRDA:520,80,0,1
BRDA:522,81,0,0
BRDA:525,82,0,1
BRDA:527,83,0,0
BRDA:530,84,0,1
BRDA:537,85,0,0
BRDA:554,86,0,2
BRDA:556,87,0,0
BRDA:560,88,0,1
BRDA:590,89,0,0
BRF:90
BRH:64
end_of_record
