TN:
SF:src/app.ts
FNF:0
FNH:0
DA:1,1
DA:2,1
DA:3,1
DA:4,1
DA:5,1
DA:6,1
DA:7,1
DA:8,1
DA:9,1
DA:10,1
DA:11,1
DA:12,1
DA:13,1
DA:14,1
DA:15,1
DA:16,1
DA:17,1
DA:18,1
DA:19,1
DA:20,1
DA:21,1
DA:22,1
DA:23,1
DA:24,1
DA:25,1
DA:26,1
DA:27,1
DA:28,1
DA:29,1
DA:30,1
DA:31,1
DA:32,1
DA:33,1
DA:34,1
LF:34
LH:34
BRF:0
BRH:0
end_of_record
TN:
SF:src/db/mongoose.ts
FNF:0
FNH:0
DA:1,1
DA:2,1
DA:3,1
DA:4,1
DA:5,1
DA:6,1
DA:7,0
DA:8,0
LF:8
LH:6
BRDA:6,0,0,0
BRF:1
BRH:0
end_of_record
TN:
SF:src/models/challenges.ts
FNF:0
FNH:0
DA:1,1
DA:2,1
DA:3,1
DA:4,1
DA:5,1
DA:6,1
DA:7,1
DA:8,1
DA:9,1
DA:10,1
DA:11,1
DA:12,1
DA:13,1
DA:14,1
DA:15,1
DA:16,1
DA:17,1
DA:18,1
DA:19,1
DA:20,1
DA:21,1
DA:22,1
DA:23,1
DA:24,1
DA:25,1
DA:26,1
DA:27,1
DA:28,1
DA:29,1
DA:30,1
DA:31,1
DA:32,1
DA:33,1
DA:34,1
DA:35,1
DA:36,1
DA:37,1
DA:38,1
DA:39,1
DA:40,1
DA:41,1
DA:42,1
DA:43,1
DA:44,1
DA:45,1
DA:46,1
DA:47,1
DA:48,1
DA:49,1
DA:50,1
DA:51,1
DA:52,1
DA:53,1
DA:54,1
DA:55,1
DA:56,1
DA:57,1
DA:58,1
DA:59,1
DA:60,1
DA:61,1
DA:62,1
DA:63,1
DA:64,1
DA:65,1
DA:66,1
DA:67,1
DA:68,1
DA:69,1
DA:70,1
DA:71,1
DA:72,1
DA:73,1
DA:74,1
DA:75,1
DA:76,1
DA:77,1
DA:78,1
DA:79,1
DA:80,1
DA:81,1
DA:82,1
DA:83,1
DA:84,1
DA:85,1
DA:86,1
LF:86
LH:86
BRF:0
BRH:0
end_of_record
TN:
SF:src/models/groups.ts
FN:97,validator
FN:100,message
FNF:2
FNH:1
FNDA:2,validator
FNDA:0,message
DA:1,1
DA:2,1
DA:3,1
DA:4,1
DA:5,1
DA:6,1
DA:7,1
DA:8,1
DA:9,1
DA:10,1
DA:11,1
DA:12,1
DA:13,1
DA:14,1
DA:15,1
DA:16,1
DA:17,1
DA:18,1
DA:19,1
DA:20,1
DA:21,1
DA:22,1
DA:23,1
DA:24,1
DA:25,1
DA:26,1
DA:27,1
DA:28,1
DA:29,1
DA:30,1
DA:31,1
DA:32,1
DA:33,1
DA:34,1
DA:35,1
DA:36,1
DA:37,1
DA:38,1
DA:39,1
DA:40,1
DA:41,1
DA:42,1
DA:43,1
DA:44,1
DA:45,1
DA:46,1
DA:47,1
DA:48,1
DA:49,1
DA:50,1
DA:51,1
DA:52,1
DA:53,1
DA:54,1
DA:55,1
DA:56,1
DA:57,1
DA:58,1
DA:59,1
DA:60,1
DA:61,1
DA:62,1
DA:63,1
DA:64,1
DA:65,1
DA:66,1
DA:67,1
DA:68,1
DA:69,1
DA:70,1
DA:71,1
DA:72,1
DA:73,1
DA:74,1
DA:75,1
DA:76,1
DA:77,1
DA:78,1
DA:79,1
DA:80,1
DA:81,1
DA:82,1
DA:83,1
DA:84,1
DA:85,1
DA:86,1
DA:87,1
DA:88,1
DA:89,1
DA:90,1
DA:91,1
DA:92,1
DA:93,1
DA:94,1
DA:95,1
DA:96,1
DA:97,1
DA:98,2
DA:99,1
DA:100,1
DA:101,1
DA:102,1
DA:103,1
DA:104,1
DA:105,1
DA:106,1
DA:107,1
DA:108,1
LF:108
LH:108
BRDA:97,0,0,2
BRF:1
BRH:1
end_of_record
TN:
SF:src/models/tracks.ts
FNF:0
FNH:0
DA:1,1
DA:2,1
DA:3,1
DA:4,1
DA:5,1
DA:6,1
DA:7,1
DA:8,1
DA:9,1
DA:10,1
DA:11,1
DA:12,1
DA:13,1
DA:14,1
DA:15,1
DA:16,1
DA:17,1
DA:18,1
DA:19,1
DA:20,1
DA:21,1
DA:22,1
DA:23,1
DA:24,1
DA:25,1
DA:26,1
DA:27,1
DA:28,1
DA:29,1
DA:30,1
DA:31,1
DA:32,1
DA:33,1
DA:34,1
DA:35,1
DA:36,1
DA:37,1
DA:38,1
DA:39,1
DA:40,1
DA:41,1
DA:42,1
DA:43,1
DA:44,1
DA:45,1
DA:46,1
DA:47,1
DA:48,1
DA:49,1
DA:50,1
DA:51,1
DA:52,1
DA:53,1
DA:54,1
DA:55,1
DA:56,1
DA:57,1
DA:58,1
DA:59,1
DA:60,1
DA:61,1
DA:62,1
DA:63,1
DA:64,1
DA:65,1
DA:66,1
DA:67,1
DA:68,1
DA:69,1
DA:70,1
DA:71,1
DA:72,1
DA:73,1
DA:74,1
DA:75,1
DA:76,1
DA:77,1
DA:78,1
DA:79,1
DA:80,1
DA:81,1
DA:82,1
DA:83,1
DA:84,1
DA:85,1
DA:86,1
DA:87,1
DA:88,1
DA:89,1
DA:90,1
DA:91,1
DA:92,1
DA:93,1
DA:94,1
DA:95,1
DA:96,1
DA:97,1
DA:98,1
DA:99,1
DA:100,1
DA:101,1
DA:102,1
DA:103,1
LF:103
LH:103
BRF:0
BRH:0
end_of_record
TN:
SF:src/models/users.ts
FN:128,validator
FN:131,message
FNF:2
FNH:1
FNDA:1,validator
FNDA:0,message
DA:1,1
DA:2,1
DA:3,1
DA:4,1
DA:5,1
DA:6,1
DA:7,1
DA:8,1
DA:9,1
DA:10,1
DA:11,1
DA:12,1
DA:13,1
DA:14,1
DA:15,1
DA:16,1
DA:17,1
DA:18,1
DA:19,1
DA:20,1
DA:21,1
DA:22,1
DA:23,1
DA:24,1
DA:25,1
DA:26,1
DA:27,1
DA:28,1
DA:29,1
DA:30,1
DA:31,1
DA:32,1
DA:33,1
DA:34,1
DA:35,1
DA:36,1
DA:37,1
DA:38,1
DA:39,1
DA:40,1
DA:41,1
DA:42,1
DA:43,1
DA:44,1
DA:45,1
DA:46,1
DA:47,1
DA:48,1
DA:49,1
DA:50,1
DA:51,1
DA:52,1
DA:53,1
DA:54,1
DA:55,1
DA:56,1
DA:57,1
DA:58,1
DA:59,1
DA:60,1
DA:61,1
DA:62,1
DA:63,1
DA:64,1
DA:65,1
DA:66,1
DA:67,1
DA:68,1
DA:69,1
DA:70,1
DA:71,1
DA:72,1
DA:73,1
DA:74,1
DA:75,1
DA:76,1
DA:77,1
DA:78,1
DA:79,1
DA:80,1
DA:81,1
DA:82,1
DA:83,1
DA:84,1
DA:85,1
DA:86,1
DA:87,1
DA:88,1
DA:89,1
DA:90,1
DA:91,1
DA:92,1
DA:93,1
DA:94,1
DA:95,1
DA:96,1
DA:97,1
DA:98,1
DA:99,1
DA:100,1
DA:101,1
DA:102,1
DA:103,1
DA:104,1
DA:105,1
DA:106,1
DA:107,1
DA:108,1
DA:109,1
DA:110,1
DA:111,1
DA:112,1
DA:113,1
DA:114,1
DA:115,1
DA:116,1
DA:117,1
DA:118,1
DA:119,1
DA:120,1
DA:121,1
DA:122,1
DA:123,1
DA:124,1
DA:125,1
DA:126,1
DA:127,1
DA:128,1
DA:129,1
DA:130,1
DA:131,1
DA:132,1
DA:133,1
DA:134,1
DA:135,1
DA:136,1
DA:137,1
DA:138,1
DA:139,1
DA:140,1
LF:140
LH:140
BRDA:128,0,0,1
BRF:1
BRH:1
end_of_record
TN:
SF:src/routers/default.ts
FNF:0
FNH:0
DA:1,1
DA:2,1
DA:3,1
DA:4,1
DA:5,1
DA:6,1
DA:7,1
DA:8,1
DA:9,1
DA:10,1
DA:11,1
DA:12,1
DA:13,1
DA:14,1
DA:15,1
DA:16,1
DA:17,1
DA:18,1
DA:19,1
DA:20,1
LF:20
LH:20
BRDA:18,0,0,1
BRF:1
BRH:1
end_of_record
TN:
SF:src/routers/challenges/challenges.ts
FNF:0
FNH:0
DA:1,1
DA:2,1
DA:3,1
DA:4,1
DA:5,1
DA:6,1
DA:7,1
DA:8,1
DA:9,1
DA:10,1
DA:11,1
DA:12,1
DA:13,1
DA:14,1
DA:15,1
DA:16,1
DA:17,1
DA:18,1
DA:19,1
DA:20,1
DA:21,1
DA:22,1
DA:23,1
DA:24,1
DA:25,1
DA:26,1
DA:27,1
DA:28,1
DA:29,1
DA:30,1
DA:31,1
DA:32,1
DA:33,1
DA:34,1
DA:35,1
DA:36,1
DA:37,1
DA:38,1
DA:39,1
DA:40,1
DA:41,1
DA:42,7
DA:43,7
DA:44,7
DA:45,7
DA:46,7
DA:47,7
DA:48,3
DA:49,3
DA:50,1
DA:51,1
DA:52,1
DA:53,1
DA:54,2
DA:55,2
DA:56,6
DA:57,6
DA:58,6
DA:59,6
DA:60,7
DA:61,2
DA:62,2
DA:63,1
DA:64,1
DA:65,1
DA:66,1
DA:67,1
DA:68,1
DA:69,1
DA:70,5
DA:71,5
DA:72,5
DA:73,5
DA:74,5
DA:75,5
DA:76,5
DA:77,5
DA:78,4
DA:79,7
DA:80,2
DA:81,2
DA:82,4
DA:83,4
DA:84,4
DA:85,7
DA:86,1
DA:87,1
DA:88,7
DA:89,1
DA:90,1
DA:91,1
DA:92,1
DA:93,1
DA:94,1
DA:95,1
DA:96,1
DA:97,1
DA:98,1
DA:99,1
DA:100,1
DA:101,1
DA:102,1
DA:103,1
DA:104,2
DA:105,2
DA:106,2
DA:107,2
DA:108,2
DA:109,2
DA:110,2
DA:111,1
DA:112,1
DA:113,1
DA:114,1
DA:115,2
DA:116,2
DA:117,0
DA:118,0
DA:119,1
DA:120,1
DA:121,1
DA:122,1
DA:123,1
DA:124,1
DA:125,1
DA:126,1
DA:127,1
DA:128,1
DA:129,1
DA:130,1
DA:131,1
DA:132,1
DA:133,3
DA:134,3
DA:135,3
DA:136,3
DA:137,3
DA:138,3
DA:139,3
DA:140,1
DA:141,1
DA:142,1
DA:143,1
DA:144,3
DA:145,3
DA:146,1
DA:147,1
DA:148,1
DA:149,1
DA:150,1
DA:151,1
DA:152,1
DA:153,1
DA:154,1
DA:155,1
DA:156,1
DA:157,1
DA:158,1
DA:159,1
DA:160,1
DA:161,1
DA:162,1
DA:163,1
DA:164,1
DA:165,1
DA:166,1
DA:167,1
DA:168,8
DA:169,8
DA:170,8
DA:171,1
DA:172,1
DA:173,1
DA:174,8
DA:175,7
DA:176,7
DA:177,7
DA:178,7
DA:179,7
DA:180,1
DA:181,1
DA:182,1
DA:183,7
DA:184,6
DA:185,2
DA:186,2
DA:187,2
DA:188,2
DA:189,1
DA:190,1
DA:191,1
DA:192,1
DA:193,1
DA:194,1
DA:195,1
DA:196,1
DA:197,6
DA:198,2
DA:199,2
DA:200,2
DA:201,2
DA:202,1
DA:203,1
DA:204,1
DA:205,1
DA:206,1
DA:207,1
DA:208,1
DA:209,1
DA:210,4
DA:211,4
DA:212,4
DA:213,4
DA:214,4
DA:215,6
DA:216,1
DA:217,6
DA:218,3
DA:219,1
DA:220,1
DA:221,1
DA:222,1
DA:223,3
DA:224,1
DA:225,1
DA:226,1
DA:227,1
DA:228,3
DA:229,3
DA:230,6
DA:231,0
DA:232,0
DA:233,6
DA:234,7
DA:235,1
DA:236,1
DA:237,1
DA:238,1
DA:239,1
DA:240,1
DA:241,1
DA:242,1
DA:243,1
DA:244,1
DA:245,1
DA:246,1
DA:247,1
DA:248,1
DA:249,1
DA:250,1
DA:251,1
DA:252,1
DA:253,1
DA:254,1
DA:255,1
DA:256,5
DA:257,5
DA:258,5
DA:259,0
DA:260,0
DA:261,0
DA:262,5
DA:263,5
DA:264,5
DA:265,5
DA:266,5
DA:267,5
DA:268,1
DA:269,1
DA:270,1
DA:271,5
DA:272,4
DA:273,1
DA:274,1
DA:275,1
DA:276,1
DA:277,1
DA:278,1
DA:279,1
DA:280,1
DA:281,0
DA:282,0
DA:283,0
DA:284,0
DA:285,4
DA:286,1
DA:287,1
DA:288,1
DA:289,1
DA:290,0
DA:291,0
DA:292,0
DA:293,0
DA:294,1
DA:295,1
DA:296,1
DA:297,1
DA:298,3
DA:299,3
DA:300,3
DA:301,3
DA:302,3
DA:303,4
DA:304,0
DA:305,4
DA:306,3
DA:307,0
DA:308,0
DA:309,0
DA:310,0
DA:311,3
DA:312,1
DA:313,1
DA:314,1
DA:315,1
DA:316,3
DA:317,3
DA:318,4
DA:319,0
DA:320,0
DA:321,4
DA:322,5
DA:323,1
DA:324,1
DA:325,1
DA:326,1
DA:327,1
DA:328,1
DA:329,1
DA:330,1
DA:331,1
DA:332,1
DA:333,1
DA:334,1
DA:335,1
DA:336,1
DA:337,1
DA:338,1
DA:339,1
DA:340,2
DA:341,2
DA:342,2
DA:343,2
DA:344,2
DA:345,2
DA:346,2
DA:347,1
DA:348,1
DA:349,1
DA:350,1
DA:351,2
DA:352,0
DA:353,0
DA:354,1
DA:355,1
DA:356,1
DA:357,1
DA:358,1
DA:359,1
DA:360,1
DA:361,2
DA:362,0
DA:363,0
DA:364,2
DA:365,2
DA:366,1
DA:367,1
DA:368,1
DA:369,1
DA:370,1
DA:371,1
DA:372,1
DA:373,1
DA:374,1
DA:375,1
DA:376,1
DA:377,1
DA:378,1
DA:379,1
DA:380,1
DA:381,1
DA:382,1
DA:383,1
DA:384,1
DA:385,1
DA:386,1
DA:387,1
DA:388,1
DA:389,1
DA:390,1
DA:391,0
DA:392,0
DA:393,1
DA:394,1
DA:395,1
DA:396,1
DA:397,1
DA:398,1
DA:399,1
DA:400,1
DA:401,1
DA:402,1
DA:403,1
DA:404,1
DA:405,1
DA:406,0
DA:407,0
DA:408,1
DA:409,1
DA:410,1
LF:410
LH:380
BRDA:41,0,0,7
BRDA:47,1,0,3
BRDA:49,2,0,1
BRDA:54,3,0,2
BRDA:56,4,0,6
BRDA:60,5,0,2
BRDA:62,6,0,1
BRDA:70,7,0,5
BRDA:78,8,0,4
BRDA:79,9,0,2
BRDA:82,10,0,4
BRDA:85,11,0,1
BRDA:103,12,0,2
BRDA:104,13,0,0
BRDA:110,14,0,1
BRDA:116,15,0,0
BRDA:132,16,0,3
BRDA:133,17,0,0
BRDA:139,18,0,2
BRDA:139,19,0,1
BRDA:145,20,0,1
BRDA:167,21,0,8
BRDA:170,22,0,1
BRDA:174,23,0,7
BRDA:179,24,0,1
BRDA:183,25,0,6
BRDA:184,26,0,2
BRDA:188,27,0,1
BRDA:197,28,0,5
BRDA:197,29,0,2
BRDA:201,30,0,1
BRDA:209,31,0,4
BRDA:215,32,0,1
BRDA:217,33,0,3
BRDA:218,34,0,1
BRDA:223,35,0,1
BRDA:230,36,0,0
BRDA:177,37,0,7
BRDA:255,38,0,5
BRDA:258,39,0,0
BRDA:267,40,0,1
BRDA:271,41,0,4
BRDA:272,42,0,1
BRDA:281,43,0,0
BRDA:285,44,0,3
BRDA:285,45,0,1
BRDA:289,46,0,0
BRDA:297,47,0,3
BRDA:303,48,0,0
BRDA:305,49,0,3
BRDA:306,50,0,0
BRDA:311,51,0,1
BRDA:318,52,0,0
BRDA:265,53,0,4
BRDA:339,54,0,2
BRDA:342,55,0,0
BRDA:346,56,0,1
BRDA:351,57,0,0
BRDA:354,58,0,1
BRDA:361,59,0,0
BRDA:383,60,0,1
BRDA:386,61,0,0
BRDA:390,62,0,0
BRDA:405,63,0,0
BRF:64
BRH:48
end_of_record
TN:
SF:src/routers/groups/groups.ts
FNF:0
FNH:0
DA:1,1
DA:2,1
DA:3,1
DA:4,1
DA:5,1
DA:6,1
DA:7,1
DA:8,1
DA:9,1
DA:10,1
DA:11,1
DA:12,1
DA:13,1
DA:14,1
DA:15,1
DA:16,1
DA:17,1
DA:18,1
DA:19,1
DA:20,1
DA:21,1
DA:22,1
DA:23,1
DA:24,1
DA:25,1
DA:26,1
DA:27,1
DA:28,1
DA:29,1
DA:30,1
DA:31,1
DA:32,1
DA:33,1
DA:34,1
DA:35,1
DA:36,1
DA:37,1
DA:38,1
DA:39,1
DA:40,1
DA:41,1
DA:42,1
DA:43,8
DA:44,8
DA:45,8
DA:46,8
DA:47,8
DA:48,3
DA:49,3
DA:50,1
DA:51,1
DA:52,1
DA:53,1
DA:54,2
DA:55,2
DA:56,7
DA:57,7
DA:58,8
DA:59,1
DA:60,1
DA:61,1
DA:62,1
DA:63,1
DA:64,1
DA:65,0
DA:66,0
DA:67,6
DA:68,6
DA:69,6
DA:70,6
DA:71,6
DA:72,6
DA:73,6
DA:74,6
DA:75,6
DA:76,6
DA:77,6
DA:78,5
DA:79,8
DA:80,2
DA:81,2
DA:82,5
DA:83,5
DA:84,5
DA:85,8
DA:86,1
DA:87,1
DA:88,8
DA:89,1
DA:90,1
DA:91,1
DA:92,1
DA:93,1
DA:94,1
DA:95,1
DA:96,1
DA:97,1
DA:98,1
DA:99,1
DA:100,1
DA:101,1
DA:102,1
DA:103,1
DA:104,1
DA:105,1
DA:106,1
DA:107,1
DA:108,2
DA:109,2
DA:110,2
DA:111,2
DA:112,2
DA:113,2
DA:114,2
DA:115,2
DA:116,2
DA:117,1
DA:118,1
DA:119,1
DA:120,1
DA:121,1
DA:122,2
DA:123,0
DA:124,0
DA:125,2
DA:126,2
DA:127,1
DA:128,1
DA:129,1
DA:130,1
DA:131,1
DA:132,1
DA:133,1
DA:134,1
DA:135,1
DA:136,1
DA:137,1
DA:138,1
DA:139,1
DA:140,1
DA:141,1
DA:142,1
DA:143,1
DA:144,1
DA:145,1
DA:146,1
DA:147,1
DA:148,1
DA:149,1
DA:150,1
DA:151,1
DA:152,0
DA:153,0
DA:154,0
DA:155,0
DA:156,1
DA:157,1
DA:158,0
DA:159,0
DA:160,1
DA:161,1
DA:162,1
DA:163,1
DA:164,1
DA:165,1
DA:166,1
DA:167,1
DA:168,1
DA:169,1
DA:170,1
DA:171,1
DA:172,1
DA:173,1
DA:174,1
DA:175,5
DA:176,0
DA:177,5
DA:178,5
DA:179,5
DA:180,5
DA:181,5
DA:182,1
DA:183,5
DA:184,4
DA:185,2
DA:186,2
DA:187,2
DA:188,2
DA:189,2
DA:190,1
DA:191,1
DA:192,1
DA:193,1
DA:194,1
DA:195,1
DA:196,1
DA:197,1
DA:198,1
DA:199,3
DA:200,4
DA:201,0
DA:202,0
DA:203,0
DA:204,0
DA:205,0
DA:206,0
DA:207,0
DA:208,0
DA:209,0
DA:210,0
DA:211,0
DA:212,0
DA:213,3
DA:214,3
DA:215,3
DA:216,3
DA:217,4
DA:218,1
DA:219,1
DA:220,1
DA:221,4
DA:222,1
DA:223,1
DA:224,1
DA:225,1
DA:226,2
DA:227,4
DA:228,0
DA:229,0
DA:230,4
DA:231,5
DA:232,1
DA:233,1
DA:234,1
DA:235,1
DA:236,1
DA:237,1
DA:238,1
DA:239,1
DA:240,1
DA:241,1
DA:242,1
DA:243,1
DA:244,1
DA:245,3
DA:246,0
DA:247,3
DA:248,3
DA:249,3
DA:250,3
DA:251,3
DA:252,0
DA:253,3
DA:254,3
DA:255,2
DA:256,2
DA:257,2
DA:258,2
DA:259,2
DA:260,1
DA:261,1
DA:262,1
DA:263,1
DA:264,1
DA:265,1
DA:266,1
DA:267,1
DA:268,1
DA:269,2
DA:270,2
DA:271,3
DA:272,0
DA:273,0
DA:274,0
DA:275,0
DA:276,0
DA:277,0
DA:278,0
DA:279,0
DA:280,0
DA:281,0
DA:282,0
DA:283,0
DA:284,2
DA:285,2
DA:286,2
DA:287,2
DA:288,3
DA:289,0
DA:290,0
DA:291,0
DA:292,3
DA:293,1
DA:294,1
DA:295,1
DA:296,1
DA:297,2
DA:298,3
DA:299,0
DA:300,0
DA:301,3
DA:302,3
DA:303,1
DA:304,1
DA:305,1
DA:306,1
DA:307,1
DA:308,1
DA:309,1
DA:310,1
DA:311,1
DA:312,1
DA:313,1
DA:314,2
DA:315,2
DA:316,2
DA:317,2
DA:318,2
DA:319,2
DA:320,1
DA:321,1
DA:322,1
DA:323,2
DA:324,0
DA:325,0
DA:326,1
DA:327,1
DA:328,1
DA:329,2
DA:330,0
DA:331,0
DA:332,2
DA:333,1
DA:334,1
DA:335,1
DA:336,1
DA:337,1
DA:338,1
DA:339,1
DA:340,1
DA:341,1
DA:342,1
DA:343,2
DA:344,2
DA:345,2
DA:346,2
DA:347,2
DA:348,2
DA:349,0
DA:350,0
DA:351,2
DA:352,2
DA:353,2
DA:354,2
DA:355,2
DA:356,2
DA:357,2
DA:358,2
DA:359,0
DA:360,0
DA:361,2
DA:362,2
DA:363,1
LF:363
LH:311
BRDA:42,0,0,8
BRDA:47,1,0,3
BRDA:49,2,0,1
BRDA:54,3,0,2
BRDA:56,4,0,7
BRDA:58,5,0,1
BRDA:65,6,0,0
BRDA:67,7,0,6
BRDA:78,8,0,5
BRDA:79,9,0,2
BRDA:82,10,0,5
BRDA:85,11,0,1
BRDA:107,12,0,2
BRDA:108,13,0,0
BRDA:116,14,0,1
BRDA:122,15,0,0
BRDA:145,16,0,1
BRDA:146,17,0,0
BRDA:151,18,0,0
BRDA:157,19,0,0
BRDA:174,20,0,5
BRDA:175,21,0,0
BRDA:181,22,0,1
BRDA:183,23,0,4
BRDA:184,24,0,2
BRDA:189,25,0,1
BRDA:199,26,0,3
BRDA:200,27,0,0
BRDA:213,28,0,3
BRDA:217,29,0,1
BRDA:221,30,0,2
BRDA:221,31,0,1
BRDA:226,32,0,2
BRDA:227,33,0,0
BRDA:180,34,0,5
BRDA:244,35,0,3
BRDA:245,36,0,0
BRDA:251,37,0,0
BRDA:254,38,0,2
BRDA:259,39,0,1
BRDA:271,40,0,0
BRDA:284,41,0,2
BRDA:288,42,0,0
BRDA:292,43,0,2
BRDA:292,44,0,1
BRDA:297,45,0,2
BRDA:298,46,0,0
BRDA:250,47,0,3
BRDA:313,48,0,2
BRDA:314,49,0,0
BRDA:319,50,0,1
BRDA:323,51,0,0
BRDA:325,52,0,1
BRDA:329,53,0,0
BRDA:342,54,0,2
BRDA:345,55,0,0
BRDA:348,56,0,0
BRDA:358,57,0,0
BRF:58
BRH:38
end_of_record
TN:
SF:src/routers/tracks/tracks.ts
FNF:0
FNH:0
DA:1,1
DA:2,1
DA:3,1
DA:4,1
DA:5,1
DA:6,1
DA:7,1
DA:8,1
DA:9,1
DA:10,1
DA:11,1
DA:12,1
DA:13,1
DA:14,1
DA:15,1
DA:16,1
DA:17,1
DA:18,1
DA:19,1
DA:20,1
DA:21,1
DA:22,1
DA:23,1
DA:24,1
DA:25,1
DA:26,1
DA:27,1
DA:28,1
DA:29,1
DA:30,1
DA:31,1
DA:32,1
DA:33,1
DA:34,1
DA:35,1
DA:36,1
DA:37,1
DA:38,6
DA:39,6
DA:40,6
DA:41,6
DA:42,6
DA:43,4
DA:44,4
DA:45,1
DA:46,1
DA:47,1
DA:48,1
DA:49,3
DA:50,3
DA:51,5
DA:52,5
DA:53,5
DA:54,5
DA:55,5
DA:56,5
DA:57,5
DA:58,6
DA:59,3
DA:60,3
DA:61,3
DA:62,5
DA:63,5
DA:64,3
DA:65,6
DA:66,2
DA:67,2
DA:68,6
DA:69,1
DA:70,1
DA:71,1
DA:72,1
DA:73,1
DA:74,1
DA:75,1
DA:76,1
DA:77,1
DA:78,1
DA:79,1
DA:80,1
DA:81,1
DA:82,1
DA:83,1
DA:84,1
DA:85,1
DA:86,1
DA:87,1
DA:88,1
DA:89,1
DA:90,2
DA:91,2
DA:92,2
DA:93,2
DA:94,2
DA:95,2
DA:96,2
DA:97,1
DA:98,1
DA:99,1
DA:100,2
DA:101,0
DA:102,0
DA:103,2
DA:104,2
DA:105,1
DA:106,1
DA:107,1
DA:108,1
DA:109,1
DA:110,1
DA:111,1
DA:112,1
DA:113,1
DA:114,1
DA:115,1
DA:116,1
DA:117,1
DA:118,1
DA:119,1
DA:120,1
DA:121,1
DA:122,1
DA:123,1
DA:124,1
DA:125,3
DA:126,3
DA:127,3
DA:128,3
DA:129,3
DA:130,3
DA:131,3
DA:132,1
DA:133,1
DA:134,1
DA:135,1
DA:136,1
DA:137,1
DA:138,3
DA:139,3
DA:140,1
DA:141,1
DA:142,1
DA:143,1
DA:144,1
DA:145,1
DA:146,1
DA:147,1
DA:148,1
DA:149,1
DA:150,1
DA:151,1
DA:152,1
DA:153,1
DA:154,1
DA:155,1
DA:156,1
DA:157,1
DA:158,1
DA:159,1
DA:160,6
DA:161,3
DA:162,3
DA:163,3
DA:164,3
DA:165,3
DA:166,3
DA:167,0
DA:168,3
DA:169,3
DA:170,3
DA:171,1
DA:172,1
DA:173,1
DA:174,1
DA:175,0
DA:176,0
DA:177,0
DA:178,0
DA:179,0
DA:180,1
DA:181,1
DA:182,1
DA:183,1
DA:184,3
DA:185,3
DA:186,3
DA:187,3
DA:188,3
DA:189,3
DA:190,1
DA:191,1
DA:192,3
DA:193,1
DA:194,1
DA:195,1
DA:196,1
DA:197,2
DA:198,3
DA:199,0
DA:200,0
DA:201,3
DA:202,3
DA:203,1
DA:204,1
DA:205,1
DA:206,1
DA:207,1
DA:208,1
DA:209,1
DA:210,1
DA:211,1
DA:212,1
DA:213,1
DA:214,1
DA:215,1
DA:216,1
DA:217,1
DA:218,1
DA:219,1
DA:220,1
DA:221,1
DA:222,2
DA:223,2
DA:224,2
DA:225,2
DA:226,0
DA:227,2
DA:228,2
DA:229,2
DA:230,0
DA:231,0
DA:232,0
DA:233,0
DA:234,0
DA:235,0
DA:236,0
DA:237,0
DA:238,0
DA:239,0
DA:240,0
DA:241,0
DA:242,0
DA:243,2
DA:244,2
DA:245,2
DA:246,2
DA:247,2
DA:248,1
DA:249,1
DA:250,2
DA:251,0
DA:252,0
DA:253,0
DA:254,0
DA:255,1
DA:256,2
DA:257,0
DA:258,0
DA:259,2
DA:260,2
DA:261,1
DA:262,1
DA:263,1
DA:264,1
DA:265,1
DA:266,1
DA:267,1
DA:268,1
DA:269,1
DA:270,1
DA:271,1
DA:272,1
DA:273,1
DA:274,1
DA:275,1
DA:276,1
DA:277,1
DA:278,1
DA:279,2
DA:280,2
DA:281,2
DA:282,2
DA:283,2
DA:284,1
DA:285,1
DA:286,1
DA:287,1
DA:288,1
DA:289,1
DA:290,1
DA:291,1
DA:292,1
DA:293,1
DA:294,2
DA:295,0
DA:296,0
DA:297,2
DA:298,1
DA:299,1
DA:300,1
DA:301,1
DA:302,1
DA:303,1
DA:304,1
DA:305,1
DA:306,1
DA:307,1
DA:308,1
DA:309,1
DA:310,1
DA:311,1
DA:312,1
DA:313,1
DA:314,1
DA:315,1
DA:316,1
DA:317,3
DA:318,3
DA:319,3
DA:320,3
DA:321,3
DA:322,3
DA:323,1
DA:324,1
DA:325,2
DA:326,2
DA:327,2
DA:328,2
DA:329,2
DA:330,2
DA:331,3
DA:332,0
DA:333,0
DA:334,3
DA:335,1
LF:335
LH:301
BRDA:37,0,0,6
BRDA:42,1,0,4
BRDA:44,2,0,1
BRDA:49,3,0,3
BRDA:51,4,0,5
BRDA:58,5,0,3
BRDA:62,6,0,5
BRDA:64,7,0,3
BRDA:65,8,0,2
BRDA:89,9,0,2
BRDA:90,10,0,0
BRDA:96,11,0,1
BRDA:100,12,0,0
BRDA:124,13,0,3
BRDA:131,14,0,2
BRDA:131,15,0,1
BRDA:159,16,0,6
BRDA:160,17,0,3
BRDA:166,18,0,0
BRDA:170,19,0,1
BRDA:174,20,0,0
BRDA:189,21,0,1
BRDA:192,22,0,2
BRDA:192,23,0,1
BRDA:197,24,0,2
BRDA:198,25,0,0
BRDA:165,26,0,3
BRDA:221,27,0,2
BRDA:225,28,0,0
BRDA:229,29,0,0
BRDA:247,30,0,1
BRDA:250,31,0,0
BRDA:255,32,0,1
BRDA:256,33,0,0
BRDA:224,34,0,2
BRDA:278,35,0,2
BRDA:279,36,0,0
BRDA:283,37,0,1
BRDA:294,38,0,0
BRDA:316,39,0,3
BRDA:318,40,0,0
BRDA:322,41,0,1
BRDA:324,42,0,2
BRDA:331,43,0,0
BRF:44
BRH:31
end_of_record
TN:
SF:src/routers/users/users.ts
FNF:0
FNH:0
DA:1,1
DA:2,1
DA:3,1
DA:4,1
DA:5,1
DA:6,1
DA:7,1
DA:8,1
DA:9,1
DA:10,1
DA:11,1
DA:12,1
DA:13,1
DA:14,1
DA:15,1
DA:16,1
DA:17,1
DA:18,1
DA:19,1
DA:20,1
DA:21,1
DA:22,1
DA:23,1
DA:24,1
DA:25,1
DA:26,1
DA:27,1
DA:28,1
DA:29,1
DA:30,1
DA:31,1
DA:32,1
DA:33,1
DA:34,1
DA:35,1
DA:36,1
DA:37,1
DA:38,1
DA:39,1
DA:40,1
DA:41,1
DA:42,1
DA:43,1
DA:44,1
DA:45,1
DA:46,1
DA:47,5
DA:48,5
DA:49,5
DA:50,5
DA:51,5
DA:52,5
DA:53,5
DA:54,0
DA:55,0
DA:56,0
DA:57,0
DA:58,0
DA:59,0
DA:60,0
DA:61,0
DA:62,0
DA:63,4
DA:64,4
DA:65,4
DA:66,4
DA:67,4
DA:68,5
DA:69,0
DA:70,0
DA:71,0
DA:72,0
DA:73,0
DA:74,0
DA:75,0
DA:76,0
DA:77,0
DA:78,4
DA:79,4
DA:80,4
DA:81,4
DA:82,4
DA:83,4
DA:84,4
DA:85,5
DA:86,0
DA:87,0
DA:88,0
DA:89,0
DA:90,0
DA:91,0
DA:92,0
DA:93,0
DA:94,0
DA:95,4
DA:96,4
DA:97,4
DA:98,4
DA:99,4
DA:100,5
DA:101,0
DA:102,0
DA:103,0
DA:104,0
DA:105,0
DA:106,0
DA:107,0
DA:108,0
DA:109,0
DA:110,4
DA:111,4
DA:112,4
DA:113,4
DA:114,4
DA:115,4
DA:116,4
DA:117,4
DA:118,4
DA:119,4
DA:120,5
DA:121,0
DA:122,0
DA:123,4
DA:124,4
DA:125,5
DA:126,0
DA:127,0
DA:128,0
DA:129,4
DA:130,4
DA:131,5
DA:132,0
DA:133,0
DA:134,4
DA:135,4
DA:136,5
DA:137,0
DA:138,0
DA:139,4
DA:140,4
DA:141,5
DA:142,1
DA:143,1
DA:144,1
DA:145,1
DA:146,1
DA:147,1
DA:148,1
DA:149,1
DA:150,1
DA:151,1
DA:152,1
DA:153,1
DA:154,1
DA:155,1
DA:156,1
DA:157,1
DA:158,1
DA:159,1
DA:160,1
DA:161,1
DA:162,1
DA:163,1
DA:164,1
DA:165,1
DA:166,1
DA:167,2
DA:168,2
DA:169,2
DA:170,2
DA:171,2
DA:172,2
DA:173,2
DA:174,2
DA:175,2
DA:176,1
DA:177,1
DA:178,1
DA:179,1
DA:180,2
DA:181,2
DA:182,0
DA:183,0
DA:184,1
DA:185,1
DA:186,1
DA:187,1
DA:188,1
DA:189,1
DA:190,1
DA:191,1
DA:192,1
DA:193,1
DA:194,1
DA:195,1
DA:196,1
DA:197,1
DA:198,1
DA:199,1
DA:200,1
DA:201,1
DA:202,2
DA:203,2
DA:204,2
DA:205,2
DA:206,2
DA:207,2
DA:208,2
DA:209,2
DA:210,2
DA:211,2
DA:212,1
DA:213,1
DA:214,1
DA:215,1
DA:216,2
DA:217,2
DA:218,0
DA:219,0
DA:220,1
DA:221,1
DA:222,1
DA:223,1
DA:224,1
DA:225,1
DA:226,1
DA:227,1
DA:228,1
DA:229,1
DA:230,1
DA:231,1
DA:232,1
DA:233,1
DA:234,1
DA:235,1
DA:236,1
DA:237,10
DA:238,10
DA:239,10
DA:240,0
DA:241,0
DA:242,0
DA:243,10
DA:244,10
DA:245,10
DA:246,10
DA:247,10
DA:248,10
DA:249,10
DA:250,1
DA:251,1
DA:252,1
DA:253,10
DA:254,9
DA:255,9
DA:256,2
DA:257,2
DA:258,2
DA:259,2
DA:260,1
DA:261,1
DA:262,1
DA:263,1
DA:264,1
DA:265,1
DA:266,1
DA:267,1
DA:268,1
DA:269,8
DA:270,9
DA:271,2
DA:272,2
DA:273,2
DA:274,2
DA:275,1
DA:276,1
DA:277,1
DA:278,1
DA:279,1
DA:280,1
DA:281,1
DA:282,1
DA:283,1
DA:284,7
DA:285,9
DA:286,2
DA:287,2
DA:288,2
DA:289,2
DA:290,1
DA:291,1
DA:292,1
DA:293,1
DA:294,1
DA:295,1
DA:296,1
DA:297,1
DA:298,1
DA:299,6
DA:300,9
DA:301,2
DA:302,2
DA:303,2
DA:304,2
DA:305,1
DA:306,1
DA:307,1
DA:308,1
DA:309,1
DA:310,1
DA:311,1
DA:312,1
DA:313,1
DA:314,5
DA:315,5
DA:316,5
DA:317,5
DA:318,5
DA:319,9
DA:320,0
DA:321,9
DA:322,5
DA:323,5
DA:324,1
DA:325,1
DA:326,1
DA:327,1
DA:328,5
DA:329,1
DA:330,1
DA:331,1
DA:332,1
DA:333,1
DA:334,1
DA:335,1
DA:336,1
DA:337,1
DA:338,1
DA:339,5
DA:340,1
DA:341,1
DA:342,1
DA:343,1
DA:344,1
DA:345,5
DA:346,1
DA:347,1
DA:348,1
DA:349,1
DA:350,1
DA:351,5
DA:352,5
DA:353,9
DA:354,9
DA:355,0
DA:356,0
DA:357,9
DA:358,10
DA:359,1
DA:360,1
DA:361,1
DA:362,1
DA:363,1
DA:364,1
DA:365,1
DA:366,1
DA:367,1
DA:368,1
DA:369,1
DA:370,1
DA:371,1
DA:372,1
DA:373,1
DA:374,1
DA:375,11
DA:376,11
DA:377,11
DA:378,0
DA:379,0
DA:380,0
DA:381,11
DA:382,11
DA:383,11
DA:384,11
DA:385,11
DA:386,11
DA:387,11
DA:388,1
DA:389,1
DA:390,1
DA:391,11
DA:392,10
DA:393,10
DA:394,2
DA:395,2
DA:396,2
DA:397,2
DA:398,1
DA:399,1
DA:400,1
DA:401,1
DA:402,1
DA:403,1
DA:404,1
DA:405,1
DA:406,1
DA:407,9
DA:408,10
DA:409,3
DA:410,3
DA:411,3
DA:412,3
DA:413,1
DA:414,1
DA:415,1
DA:416,1
DA:417,1
DA:418,2
DA:419,2
DA:420,2
DA:421,2
DA:422,8
DA:423,10
DA:424,2
DA:425,2
DA:426,2
DA:427,2
DA:428,1
DA:429,1
DA:430,1
DA:431,1
DA:432,1
DA:433,1
DA:434,1
DA:435,1
DA:436,1
DA:437,7
DA:438,10
DA:439,2
DA:440,2
DA:441,2
DA:442,2
DA:443,1
DA:444,1
DA:445,1
DA:446,1
DA:447,1
DA:448,1
DA:449,1
DA:450,1
DA:451,1
DA:452,6
DA:453,6
DA:454,6
DA:455,6
DA:456,6
DA:457,10
DA:458,0
DA:459,10
DA:460,6
DA:461,6
DA:462,1
DA:463,1
DA:464,1
DA:465,1
DA:466,6
DA:467,2
DA:468,2
DA:469,2
DA:470,2
DA:471,2
DA:472,2
DA:473,2
DA:474,2
DA:475,2
DA:476,2
DA:477,6
DA:478,1
DA:479,1
DA:480,1
DA:481,1
DA:482,1
DA:483,6
DA:484,1
DA:485,1
DA:486,1
DA:487,1
DA:488,1
DA:489,6
DA:490,6
DA:491,10
DA:492,10
DA:493,0
DA:494,0
DA:495,10
DA:496,11
DA:497,1
DA:498,1
DA:499,1
DA:500,1
DA:501,1
DA:502,1
DA:503,1
DA:504,1
DA:505,1
DA:506,1
DA:507,1
DA:508,1
DA:509,1
DA:510,1
DA:511,1
DA:512,2
DA:513,2
DA:514,2
DA:515,2
DA:516,2
DA:517,2
DA:518,1
DA:519,1
DA:520,1
DA:521,1
DA:522,2
DA:523,0
DA:524,0
DA:525,1
DA:526,1
DA:527,2
DA:528,0
DA:529,0
DA:530,0
DA:531,1
DA:532,1
DA:533,2
DA:534,0
DA:535,0
DA:536,1
DA:537,1
DA:538,2
DA:539,0
DA:540,0
DA:541,1
DA:542,1
DA:543,1
DA:544,1
DA:545,1
DA:546,1
DA:547,1
DA:548,2
DA:549,0
DA:550,0
DA:551,1
DA:552,1
DA:553,1
DA:554,1
DA:555,1
DA:556,1
DA:557,1
DA:558,1
DA:559,1
DA:560,1
DA:561,1
DA:562,1
DA:563,1
DA:564,1
DA:565,1
DA:566,3
DA:567,3
DA:568,3
DA:569,3
DA:570,3
DA:571,3
DA:572,1
DA:573,1
DA:574,2
DA:575,2
DA:576,3
DA:577,1
DA:578,1
DA:579,2
DA:580,2
DA:581,3
DA:582,1
DA:583,1
DA:584,2
DA:585,2
DA:586,3
DA:587,1
DA:588,1
DA:589,2
DA:590,2
DA:591,3
DA:592,1
DA:593,1
DA:594,2
DA:595,2
DA:596,2
DA:597,2
DA:598,2
DA:599,2
DA:600,2
DA:601,3
DA:602,0
DA:603,0
DA:604,1
LF:604
LH:530
BRDA:46,0,0,5
BRDA:53,1,0,0
BRDA:63,2,0,4
BRDA:68,3,0,0
BRDA:78,4,0,4
BRDA:85,5,0,0
BRDA:95,6,0,4
BRDA:100,7,0,0
BRDA:110,8,0,4
BRDA:120,9,0,0
BRDA:123,10,0,4
BRDA:125,11,0,0
BRDA:129,12,0,4
BRDA:131,13,0,0
BRDA:134,14,0,4
BRDA:136,15,0,0
BRDA:139,16,0,4
BRDA:141,17,0,1
BRDA:166,18,0,2
BRDA:167,19,0,0
BRDA:175,20,0,1
BRDA:181,21,0,0
BRDA:201,22,0,2
BRDA:202,23,0,0
BRDA:211,24,0,1
BRDA:217,25,0,0
BRDA:236,26,0,10
BRDA:239,27,0,0
BRDA:249,28,0,1
BRDA:253,29,0,9
BRDA:255,30,0,2
BRDA:259,31,0,1
BRDA:269,32,0,8
BRDA:270,33,0,2
BRDA:274,34,0,1
BRDA:284,35,0,7
BRDA:285,36,0,2
BRDA:289,37,0,1
BRDA:299,38,0,6
BRDA:300,39,0,2
BRDA:304,40,0,1
BRDA:313,41,0,5
BRDA:319,42,0,0
BRDA:321,43,0,5
BRDA:323,44,0,1
BRDA:328,45,0,1
BRDA:339,46,0,1
BRDA:345,47,0,1
BRDA:354,48,0,0
BRDA:247,49,0,10
BRDA:374,50,0,11
BRDA:377,51,0,0
BRDA:387,52,0,1
BRDA:391,53,0,10
BRDA:393,54,0,2
BRDA:397,55,0,1
BRDA:407,56,0,9
BRDA:408,57,0,3
BRDA:412,58,0,1
BRDA:418,59,0,2
BRDA:422,60,0,8
BRDA:423,61,0,2
BRDA:427,62,0,1
BRDA:437,63,0,7
BRDA:438,64,0,2
BRDA:442,65,0,1
BRDA:451,66,0,6
BRDA:457,67,0,0
BRDA:459,68,0,6
BRDA:461,69,0,1
BRDA:466,70,0,2
BRDA:477,71,0,1
BRDA:483,72,0,1
BRDA:492,73,0,0
BRDA:385,74,0,11
BRDA:511,75,0,2
BRDA:513,76,0,0
BRDA:517,77,0,1
BRDA:522,78,0,0
BRDA:524,79,0,1
BRDA:527,80,0,0
BRDA:531,81,0,1
BRDA:533,82,0,0
BRDA:536,83,0,1
BRDA:538,84,0,0
BRDA:541,85,0,1
BRDA:548,86,0,0
BRDA:565,87,0,3
BRDA:567,88,0,0
BRDA:571,89,0,1
BRDA:573,90,0,2
BRDA:576,91,0,1
BRDA:578,92,0,2
BRDA:581,93,0,1
BRDA:584,94,0,2
BRDA:586,95,0,1
BRDA:589,96,0,2
BRDA:591,97,0,1
BRDA:594,98,0,2
BRDA:601,99,0,0
BRF:100
BRH:74
end_of_record
